--progress is a global compose flag, better use `docker compose --progress xx build ...
time="2025-10-01T23:33:51-03:00" level=warning msg="/home/vgonz/code/school/tienda-pasteleria/docker-compose.yml: the attribute `version` is obsolete, it will be ignored, please remove it to avoid potential confusion"
#1 [internal] load local bake definitions
#1 reading from stdin 1.10kB done
#1 DONE 0.0s

#2 [cms internal] load build definition from Dockerfile
#2 transferring dockerfile: 943B done
#2 DONE 0.0s

#3 [web internal] load build definition from Dockerfile
#3 transferring dockerfile: 1.42kB done
#3 DONE 0.0s

#4 [web internal] load metadata for docker.io/library/node:20-alpine
#4 ...

#5 [cms internal] load metadata for docker.io/library/node:22-alpine
#5 DONE 0.2s

#4 [web internal] load metadata for docker.io/library/node:20-alpine
#4 DONE 0.2s

#6 [cms internal] load .dockerignore
#6 transferring context: 136B done
#6 DONE 0.0s

#7 [web internal] load .dockerignore
#7 transferring context: 99B done
#7 DONE 0.0s

#8 [web build 1/8] FROM docker.io/library/node:20-alpine@sha256:eabac870db94f7342d6c33560d6613f188bbcf4bbe1f4eb47d5e2a08e1a37722
#8 DONE 0.0s

#9 [cms build 1/8] FROM docker.io/library/node:22-alpine@sha256:cb3143549582cc5f74f26f0992cdef4a422b22128cb517f94173a5f910fa4ee7
#9 CACHED

#10 [web build 2/8] WORKDIR /app
#10 CACHED

#11 [cms internal] load build context
#11 transferring context: 12.14kB done
#11 DONE 0.0s

#12 [web internal] load build context
#12 transferring context: 8.45kB done
#12 DONE 0.0s

#13 [web build 3/8] RUN corepack enable
#13 DONE 0.3s

#14 [web runner 3/9] RUN apk add --no-cache openssl libc6-compat
#14 0.218 fetch https://dl-cdn.alpinelinux.org/alpine/v3.22/main/x86_64/APKINDEX.tar.gz
#14 ...

#15 [web build 4/8] COPY pnpm-lock.yaml package.json ./
#15 DONE 0.0s

#14 [web runner 3/9] RUN apk add --no-cache openssl libc6-compat
#14 0.489 fetch https://dl-cdn.alpinelinux.org/alpine/v3.22/community/x86_64/APKINDEX.tar.gz
#14 0.983 (1/6) Upgrading libcrypto3 (3.5.1-r0 -> 3.5.4-r0)
#14 1.037 (2/6) Upgrading libssl3 (3.5.1-r0 -> 3.5.4-r0)
#14 1.051 (3/6) Installing musl-obstack (1.2.3-r2)
#14 1.059 (4/6) Installing libucontext (1.3.2-r0)
#14 1.066 (5/6) Installing gcompat (1.1.0-r4)
#14 1.075 (6/6) Installing openssl (3.5.4-r0)
#14 1.093 Executing busybox-1.37.0-r18.trigger
#14 1.098 OK: 11 MiB in 22 packages
#14 DONE 1.2s

#16 [cms stage-1 2/5] RUN apk add --no-cache vips-dev
#16 0.222 fetch https://dl-cdn.alpinelinux.org/alpine/v3.22/main/x86_64/APKINDEX.tar.gz
#16 0.503 fetch https://dl-cdn.alpinelinux.org/alpine/v3.22/community/x86_64/APKINDEX.tar.gz
#16 0.994 (1/200) Upgrading libcrypto3 (3.5.1-r0 -> 3.5.4-r0)
#16 1.058 (2/200) Upgrading libssl3 (3.5.1-r0 -> 3.5.4-r0)
#16 1.074 (3/200) Installing libdeflate-static (1.23-r0)
#16 1.083 (4/200) Installing openexr-libiex (3.3.2-r0)
#16 1.094 (5/200) Installing openexr-libilmthread (3.3.2-r0)
#16 1.102 (6/200) Installing imath (3.1.12-r0)
#16 1.111 (7/200) Installing libdeflate (1.23-r0)
#16 1.120 (8/200) Installing openexr-libopenexrcore (3.3.2-r0)
#16 1.141 (9/200) Installing openexr-libopenexr (3.3.2-r0)
#16 1.158 (10/200) Installing openexr-libopenexrutil (3.3.2-r0)
#16 1.175 (11/200) Installing pkgconf (2.4.3-r0)
#16 1.183 (12/200) Installing libbz2 (1.0.8-r6)
#16 1.191 (13/200) Installing libexpat (2.7.3-r0)
#16 1.200 (14/200) Installing libffi (3.4.8-r0)
#16 1.207 (15/200) Installing gdbm (1.24-r0)
#16 1.215 (16/200) Installing xz-libs (5.8.1-r0)
#16 1.225 (17/200) Installing mpdecimal (4.0.1-r0)
#16 1.235 (18/200) Installing ncurses-terminfo-base (6.5_p20250503-r0)
#16 1.244 (19/200) Installing libncursesw (6.5_p20250503-r0)
#16 1.254 (20/200) Installing libpanelw (6.5_p20250503-r0)
#16 1.261 (21/200) Installing readline (8.2.13-r1)
#16 1.270 (22/200) Installing sqlite-libs (3.49.2-r1)
#16 1.297 (23/200) Installing python3 (3.12.11-r0)
#16 1.517 (24/200) Installing python3-pycache-pyc0 (3.12.11-r0)
#16 1.629 (25/200) Installing pyc (3.12.11-r0)
#16 1.629 (26/200) Installing python3-pyc (3.12.11-r0)
#16 1.629 (27/200) Installing boost1.84-python3 (1.84.0-r3)
#16 1.638 (28/200) Installing py3-imath (3.1.12-r0)
#16 1.747 (29/200) Installing imath-dev (3.1.12-r0)
#16 1.765 (30/200) Installing libdeflate-dev (1.23-r0)
#16 1.772 (31/200) Installing openexr-dev (3.3.2-r0)
#16 1.793 (32/200) Installing cairo-tools (1.18.4-r0)
#16 1.800 (33/200) Installing brotli-libs (1.1.0-r2)
#16 1.815 (34/200) Installing libpng (1.6.47-r0)
#16 1.825 (35/200) Installing freetype (2.13.3-r0)
#16 1.839 (36/200) Installing fontconfig (2.15.0-r3)
#16 1.854 (37/200) Installing expat (2.7.3-r0)
#16 1.862 (38/200) Installing expat-dev (2.7.3-r0)
#16 1.870 (39/200) Installing bzip2-dev (1.0.8-r6)
#16 1.877 (40/200) Installing brotli (1.1.0-r2)
#16 1.884 (41/200) Installing brotli-dev (1.1.0-r2)
#16 1.892 (42/200) Installing zlib-dev (1.3.1-r2)
#16 1.902 (43/200) Installing libpng-dev (1.6.47-r0)
#16 1.911 (44/200) Installing freetype-dev (2.13.3-r0)
#16 1.926 (45/200) Installing fontconfig-dev (2.15.0-r3)
#16 1.934 (46/200) Installing libxau (1.0.12-r0)
#16 1.941 (47/200) Installing xorgproto (2024.1-r0)
#16 1.966 (48/200) Installing libxau-dev (1.0.12-r0)
#16 1.974 (49/200) Installing libmd (1.1.0-r0)
#16 1.980 (50/200) Installing libbsd (0.12.2-r0)
#16 1.988 (51/200) Installing libxdmcp (1.1.5-r1)
#16 1.995 (52/200) Installing libxcb (1.17.0-r0)
#16 2.010 (53/200) Installing libx11 (1.8.11-r0)
#16 2.042 (54/200) Installing libxext (1.3.6-r2)
#16 2.050 (55/200) Installing xcb-proto (1.17.0-r0)
#16 2.064 (56/200) Installing xcb-proto-pyc (1.17.0-r0)
#16 2.075 (57/200) Installing libxdmcp-dev (1.1.5-r1)
#16 2.083 (58/200) Installing libxcb-dev (1.17.0-r0)
#16 2.101 (59/200) Installing xtrans (1.5.2-r0)
#16 2.110 (60/200) Installing libx11-dev (1.8.11-r0)
#16 2.119 (61/200) Installing libxext-dev (1.3.6-r2)
#16 2.128 (62/200) Installing libxrender (0.9.12-r0)
#16 2.135 (63/200) Installing libxrender-dev (0.9.12-r0)
#16 2.143 (64/200) Installing pixman (0.46.4-r0)
#16 2.156 (65/200) Installing pixman-dev (0.46.4-r0)
#16 2.164 (66/200) Installing util-macros (1.20.1-r0)
#16 2.172 (67/200) Installing xcb-util (0.4.1-r3)
#16 2.179 (68/200) Installing xcb-util-dev (0.4.1-r3)
#16 2.187 (69/200) Installing cairo (1.18.4-r0)
#16 2.204 (70/200) Installing libintl (0.24.1-r0)
#16 2.213 (71/200) Installing libeconf (0.6.3-r0)
#16 2.221 (72/200) Installing libblkid (2.41-r9)
#16 2.232 (73/200) Installing libmount (2.41-r9)
#16 2.242 (74/200) Installing pcre2 (10.43-r1)
#16 2.258 (75/200) Installing glib (2.84.4-r0)
#16 2.310 (76/200) Installing cairo-gobject (1.18.4-r0)
#16 2.317 (77/200) Installing libxml2 (2.13.8-r0)
#16 2.335 (78/200) Installing libxml2-utils (2.13.8-r0)
#16 2.343 (79/200) Installing docbook-xml (4.5-r10)
#16 2.373 Executing docbook-xml-4.5-r10.post-install
#16 2.385 (80/200) Installing libxslt (1.1.43-r3)
#16 2.400 (81/200) Installing docbook-xsl-ns (1.79.2-r11)
#16 2.611 Executing docbook-xsl-ns-1.79.2-r11.post-install
#16 2.633 (82/200) Installing docbook-xsl-nons (1.79.2-r11)
#16 2.822 Executing docbook-xsl-nons-1.79.2-r11.post-install
#16 2.845 (83/200) Installing docbook-xsl (1.79.2-r11)
#16 2.860 (84/200) Installing xz (5.8.1-r0)
#16 2.875 (85/200) Installing gettext-asprintf (0.24.1-r0)
#16 2.885 (86/200) Installing libunistring (1.3-r0)
#16 2.917 (87/200) Installing gettext-libs (0.24.1-r0)
#16 2.938 (88/200) Installing gettext-envsubst (0.24.1-r0)
#16 2.945 (89/200) Installing libgomp (14.2.0-r6)
#16 2.958 (90/200) Installing gettext (0.24.1-r0)
#16 2.998 (91/200) Installing gettext-dev (0.24.1-r0)
#16 3.023 (92/200) Installing py3-parsing (3.2.3-r0)
#16 3.038 (93/200) Installing py3-parsing-pyc (3.2.3-r0)
#16 3.055 (94/200) Installing py3-packaging (25.0-r0)
#16 3.078 (95/200) Installing py3-packaging-pyc (25.0-r0)
#16 3.092 (96/200) Installing linux-headers (6.14.2-r0)
#16 3.251 (97/200) Installing libffi-dev (3.4.8-r0)
#16 3.266 (98/200) Installing bsd-compat-headers (0.7.2-r6)
#16 3.275 (99/200) Installing libformw (6.5_p20250503-r0)
#16 3.288 (100/200) Installing libmenuw (6.5_p20250503-r0)
#16 3.296 (101/200) Installing libncurses++ (6.5_p20250503-r0)
#16 3.305 (102/200) Installing ncurses-dev (6.5_p20250503-r0)
#16 3.318 (103/200) Installing libedit (20250104.3.1-r1)
#16 3.334 (104/200) Installing libedit-dev (20250104.3.1-r1)
#16 3.344 (105/200) Installing libpcre2-16 (10.43-r1)
#16 3.367 (106/200) Installing libpcre2-32 (10.43-r1)
#16 3.385 (107/200) Installing pcre2-dev (10.43-r1)
#16 3.398 (108/200) Installing libuuid (2.41-r9)
#16 3.409 (109/200) Installing libfdisk (2.41-r9)
#16 3.429 (110/200) Installing liblastlog2 (2.41-r9)
#16 3.437 (111/200) Installing libsmartcols (2.41-r9)
#16 3.455 (112/200) Installing sqlite (3.49.2-r1)
#16 3.645 (113/200) Installing sqlite-dev (3.49.2-r1)
#16 3.658 (114/200) Installing util-linux-dev (2.41-r9)
#16 3.667 (115/200) Installing glib-dev (2.84.4-r0)
#16 3.774 (116/200) Installing cairo-dev (1.18.4-r0)
#16 3.787 (117/200) Installing c-ares (1.34.5-r0)
#16 3.798 (118/200) Installing libidn2 (2.3.7-r0)
#16 3.810 (119/200) Installing nghttp2-libs (1.65.0-r0)
#16 3.821 (120/200) Installing libpsl (0.21.5-r3)
#16 3.847 (121/200) Installing zstd-libs (1.5.7-r0)
#16 3.880 (122/200) Installing libcurl (8.14.1-r1)
#16 4.029 (123/200) Installing cfitsio (4.5.0-r0)
#16 4.060 (124/200) Installing cfitsio-dev (4.5.0-r0)
#16 4.074 (125/200) Installing cgif (0.5.0-r1)
#16 4.083 (126/200) Installing cgif-dev (0.5.0-r1)
#16 4.090 (127/200) Installing fftw-double-libs (3.3.10-r6)
#16 4.130 (128/200) Installing fftw-long-double-libs (3.3.10-r6)
#16 4.154 (129/200) Installing fftw-single-libs (3.3.10-r6)
#16 4.191 (130/200) Installing fftw-dev (3.3.10-r6)
#16 4.292 (131/200) Installing libimagequant (4.2.2-r0)
#16 4.308 (132/200) Installing libimagequant-dev (4.2.2-r0)
#16 4.315 (133/200) Installing lcms2 (2.16-r0)
#16 4.328 (134/200) Installing lcms2-plugins (2.16-r0)
#16 4.339 (135/200) Installing libjpeg-turbo (3.1.0-r0)
#16 4.354 (136/200) Installing libturbojpeg (3.1.0-r0)
#16 4.397 (137/200) Installing libjpeg-turbo-dev (3.1.0-r0)
#16 4.701 (138/200) Installing libsharpyuv (1.5.0-r0)
#16 4.708 (139/200) Installing libwebp (1.5.0-r0)
#16 4.754 (140/200) Installing tiff (4.7.1-r0)
#16 4.767 (141/200) Installing libtiffxx (4.7.1-r0)
#16 4.774 (142/200) Installing libwebpdecoder (1.5.0-r0)
#16 4.787 (143/200) Installing libwebpdemux (1.5.0-r0)
#16 4.794 (144/200) Installing libwebpmux (1.5.0-r0)
#16 4.803 (145/200) Installing libwebp-dev (1.5.0-r0)
#16 4.815 (146/200) Installing zstd (1.5.7-r0)
#16 4.829 (147/200) Installing zstd-dev (1.5.7-r0)
#16 4.846 (148/200) Installing tiff-dev (4.7.1-r0)
#16 4.857 (149/200) Installing lcms2-dev (2.16-r0)
#16 4.894 (150/200) Installing acl-libs (2.3.2-r1)
#16 4.906 (151/200) Installing lz4-libs (1.10.0-r0)
#16 4.917 (152/200) Installing libarchive (3.8.1-r0)
#16 4.942 (153/200) Installing openssl-dev (3.5.4-r0)
#16 5.001 (154/200) Installing libarchive-dev (3.8.1-r0)
#16 5.011 (155/200) Installing libexif (0.6.25-r0)
#16 5.025 (156/200) Installing libexif-dev (0.6.25-r0)
#16 5.035 (157/200) Installing libhwy (1.0.7-r1)
#16 5.044 (158/200) Installing libhwy_contrib (1.0.7-r1)
#16 5.087 (159/200) Installing libhwy_test (1.0.7-r1)
#16 5.122 (160/200) Installing gtest (1.16.0-r0)
#16 5.136 (161/200) Installing gmock (1.16.0-r0)
#16 5.148 (162/200) Installing gtest-dev (1.16.0-r0)
#16 5.217 (163/200) Installing highway-dev (1.0.7-r1)
#16 5.268 (164/200) Installing openjpeg (2.5.3-r0)
#16 5.283 (165/200) Installing openjpeg-tools (2.5.3-r0)
#16 5.305 (166/200) Installing openjpeg-dev (2.5.3-r0)
#16 5.319 (167/200) Installing libdav1d (1.5.1-r0)
#16 5.343 (168/200) Installing libxft (2.3.8-r3)
#16 5.352 (169/200) Installing fribidi (1.0.16-r1)
#16 5.363 (170/200) Installing graphite2 (1.3.14-r6)
#16 5.374 (171/200) Installing harfbuzz (11.2.1-r0)
#16 5.409 (172/200) Installing pango (1.56.3-r0)
#16 5.435 (173/200) Installing rsvg-convert (2.60.0-r0)
#16 5.499 (174/200) Installing shared-mime-info (2.4-r6)
#16 5.526 (175/200) Installing gdk-pixbuf (2.42.12-r1)
#16 5.542 (176/200) Installing librsvg (2.60.0-r0)
#16 5.610 (177/200) Installing dav1d-dev (1.5.1-r0)
#16 5.619 (178/200) Installing gdk-pixbuf-dev (2.42.12-r1)
#16 5.633 (179/200) Installing harfbuzz-cairo (11.2.1-r0)
#16 5.641 (180/200) Installing harfbuzz-gobject (11.2.1-r0)
#16 5.650 (181/200) Installing icu-data-en (76.1-r1)
#16 5.688 Executing icu-data-en-76.1-r1.post-install
#16 5.692 *
#16 5.692 * If you need ICU with non-English locales and legacy charset support, install
#16 5.692 * package icu-data-full.
#16 5.692 *
#16 5.692 (182/200) Installing icu-libs (76.1-r1)
#16 5.749 (183/200) Installing harfbuzz-icu (11.2.1-r0)
#16 5.757 (184/200) Installing harfbuzz-subset (11.2.1-r0)
#16 5.784 (185/200) Installing graphite2-dev (1.3.14-r6)
#16 5.795 (186/200) Installing icu (76.1-r1)
#16 5.810 (187/200) Installing icu-dev (76.1-r1)
#16 5.884 (188/200) Installing harfbuzz-dev (11.2.1-r0)
#16 5.918 (189/200) Installing xz-dev (5.8.1-r0)
#16 5.930 (190/200) Installing libxml2-dev (2.13.8-r0)
#16 5.948 (191/200) Installing pango-tools (1.56.3-r0)
#16 5.956 (192/200) Installing fribidi-dev (1.0.16-r1)
#16 5.967 (193/200) Installing libxft-dev (2.3.8-r3)
#16 5.976 (194/200) Installing pango-dev (1.56.3-r0)
#16 6.000 (195/200) Installing librsvg-dev (2.60.0-r0)
#16 6.010 (196/200) Installing libspng (0.7.4-r1)
#16 6.020 (197/200) Installing libspng-dev (0.7.4-r1)
#16 6.027 (198/200) Installing vips (8.16.1-r0)
#16 6.067 (199/200) Installing vips-cpp (8.16.1-r0)
#16 6.079 (200/200) Installing vips-dev (8.16.1-r0)
#16 6.107 Executing busybox-1.37.0-r18.trigger
#16 6.114 Executing glib-2.84.4-r0.trigger
#16 6.123 No schema files found: doing nothing.
#16 6.125 Executing shared-mime-info-2.4-r6.trigger
#16 6.811 Executing gdk-pixbuf-2.42.12-r1.trigger
#16 6.859 OK: 235 MiB in 216 packages
#16 DONE 7.6s

#17 [cms stage-1 3/5] WORKDIR /opt/app
#17 DONE 0.0s

#18 [cms build 2/8] RUN apk update && apk add --no-cache   python3 build-base gcc g++ autoconf automake zlib-dev libpng-dev vips-dev git
#18 0.205 fetch https://dl-cdn.alpinelinux.org/alpine/v3.22/main/x86_64/APKINDEX.tar.gz
#18 0.504 fetch https://dl-cdn.alpinelinux.org/alpine/v3.22/community/x86_64/APKINDEX.tar.gz
#18 1.051 v3.22.1-508-g8f330e62bd4 [https://dl-cdn.alpinelinux.org/alpine/v3.22/main]
#18 1.051 v3.22.1-515-gf7e52346ff3 [https://dl-cdn.alpinelinux.org/alpine/v3.22/community]
#18 1.051 OK: 26326 distinct packages available
#18 1.107 fetch https://dl-cdn.alpinelinux.org/alpine/v3.22/main/x86_64/APKINDEX.tar.gz
#18 1.203 fetch https://dl-cdn.alpinelinux.org/alpine/v3.22/community/x86_64/APKINDEX.tar.gz
#18 1.566 (1/226) Upgrading libcrypto3 (3.5.1-r0 -> 3.5.4-r0)
#18 1.638 (2/226) Upgrading libssl3 (3.5.1-r0 -> 3.5.4-r0)
#18 1.660 (3/226) Installing m4 (1.4.19-r4)
#18 1.671 (4/226) Installing libbz2 (1.0.8-r6)
#18 1.678 (5/226) Installing perl (5.40.3-r0)
#18 1.949 (6/226) Installing autoconf (2.72-r1)
#18 1.973 (7/226) Installing automake (1.17-r1)
#18 1.993 (8/226) Installing jansson (2.14.1-r0)
#18 2.000 (9/226) Installing zstd-libs (1.5.7-r0)
#18 2.014 (10/226) Installing binutils (2.44-r3)
#18 2.088 (11/226) Installing libmagic (5.46-r2)
#18 2.121 (12/226) Installing file (5.46-r2)
#18 2.128 (13/226) Installing libgomp (14.2.0-r6)
#18 2.138 (14/226) Installing libatomic (14.2.0-r6)
#18 2.145 (15/226) Installing gmp (6.3.0-r3)
#18 2.157 (16/226) Installing isl26 (0.26-r1)
#18 2.181 (17/226) Installing mpfr4 (4.2.1_p1-r0)
#18 2.194 (18/226) Installing mpc1 (1.3.1-r1)
#18 2.201 (19/226) Installing gcc (14.2.0-r6)
#18 3.452 (20/226) Installing libstdc++-dev (14.2.0-r6)
#18 3.669 (21/226) Installing musl-dev (1.2.5-r10)
#18 3.753 (22/226) Installing g++ (14.2.0-r6)
#18 4.214 (23/226) Installing make (4.4.1-r3)
#18 4.226 (24/226) Installing fortify-headers (1.1-r5)
#18 4.234 (25/226) Installing patch (2.8-r0)
#18 4.244 (26/226) Installing build-base (0.5-r3)
#18 4.244 (27/226) Installing brotli-libs (1.1.0-r2)
#18 4.263 (28/226) Installing c-ares (1.34.5-r0)
#18 4.273 (29/226) Installing libunistring (1.3-r0)
#18 4.298 (30/226) Installing libidn2 (2.3.7-r0)
#18 4.308 (31/226) Installing nghttp2-libs (1.65.0-r0)
#18 4.316 (32/226) Installing libpsl (0.21.5-r3)
#18 4.322 (33/226) Installing libcurl (8.14.1-r1)
#18 4.339 (34/226) Installing libexpat (2.7.3-r0)
#18 4.348 (35/226) Installing pcre2 (10.43-r1)
#18 4.391 (36/226) Installing git (2.49.1-r0)
#18 4.687 (37/226) Installing git-init-template (2.49.1-r0)
#18 4.695 (38/226) Installing perl-error (0.17030-r0)
#18 4.703 (39/226) Installing perl-git (2.49.1-r0)
#18 4.712 (40/226) Installing git-perl (2.49.1-r0)
#18 4.736 (41/226) Installing libpng (1.6.47-r0)
#18 4.751 (42/226) Installing pkgconf (2.4.3-r0)
#18 4.760 (43/226) Installing zlib-dev (1.3.1-r2)
#18 4.768 (44/226) Installing libpng-dev (1.6.47-r0)
#18 4.777 (45/226) Installing libffi (3.4.8-r0)
#18 4.785 (46/226) Installing gdbm (1.24-r0)
#18 4.792 (47/226) Installing xz-libs (5.8.1-r0)
#18 4.805 (48/226) Installing mpdecimal (4.0.1-r0)
#18 4.814 (49/226) Installing ncurses-terminfo-base (6.5_p20250503-r0)
#18 4.827 (50/226) Installing libncursesw (6.5_p20250503-r0)
#18 4.842 (51/226) Installing libpanelw (6.5_p20250503-r0)
#18 4.851 (52/226) Installing readline (8.2.13-r1)
#18 4.862 (53/226) Installing sqlite-libs (3.49.2-r1)
#18 4.919 (54/226) Installing python3 (3.12.11-r0)
#18 5.327 (55/226) Installing python3-pycache-pyc0 (3.12.11-r0)
#18 5.526 (56/226) Installing pyc (3.12.11-r0)
#18 5.526 (57/226) Installing python3-pyc (3.12.11-r0)
#18 5.526 (58/226) Installing libdeflate-static (1.23-r0)
#18 5.536 (59/226) Installing openexr-libiex (3.3.2-r0)
#18 5.548 (60/226) Installing openexr-libilmthread (3.3.2-r0)
#18 5.556 (61/226) Installing imath (3.1.12-r0)
#18 5.571 (62/226) Installing libdeflate (1.23-r0)
#18 5.580 (63/226) Installing openexr-libopenexrcore (3.3.2-r0)
#18 5.605 (64/226) Installing openexr-libopenexr (3.3.2-r0)
#18 5.625 (65/226) Installing openexr-libopenexrutil (3.3.2-r0)
#18 5.635 (66/226) Installing boost1.84-python3 (1.84.0-r3)
#18 5.647 (67/226) Installing py3-imath (3.1.12-r0)
#18 5.800 (68/226) Installing imath-dev (3.1.12-r0)
#18 5.821 (69/226) Installing libdeflate-dev (1.23-r0)
#18 5.830 (70/226) Installing openexr-dev (3.3.2-r0)
#18 5.865 (71/226) Installing cairo-tools (1.18.4-r0)
#18 5.872 (72/226) Installing freetype (2.13.3-r0)
#18 5.894 (73/226) Installing fontconfig (2.15.0-r3)
#18 5.920 (74/226) Installing expat (2.7.3-r0)
#18 5.927 (75/226) Installing expat-dev (2.7.3-r0)
#18 5.936 (76/226) Installing bzip2-dev (1.0.8-r6)
#18 5.943 (77/226) Installing brotli (1.1.0-r2)
#18 5.950 (78/226) Installing brotli-dev (1.1.0-r2)
#18 5.959 (79/226) Installing freetype-dev (2.13.3-r0)
#18 5.976 (80/226) Installing fontconfig-dev (2.15.0-r3)
#18 5.985 (81/226) Installing libxau (1.0.12-r0)
#18 5.991 (82/226) Installing xorgproto (2024.1-r0)
#18 6.022 (83/226) Installing libxau-dev (1.0.12-r0)
#18 6.029 (84/226) Installing libmd (1.1.0-r0)
#18 6.039 (85/226) Installing libbsd (0.12.2-r0)
#18 6.048 (86/226) Installing libxdmcp (1.1.5-r1)
#18 6.056 (87/226) Installing libxcb (1.17.0-r0)
#18 6.075 (88/226) Installing libx11 (1.8.11-r0)
#18 6.126 (89/226) Installing libxext (1.3.6-r2)
#18 6.134 (90/226) Installing xcb-proto (1.17.0-r0)
#18 6.149 (91/226) Installing xcb-proto-pyc (1.17.0-r0)
#18 6.163 (92/226) Installing libxdmcp-dev (1.1.5-r1)
#18 6.170 (93/226) Installing libxcb-dev (1.17.0-r0)
#18 6.194 (94/226) Installing xtrans (1.5.2-r0)
#18 6.205 (95/226) Installing libx11-dev (1.8.11-r0)
#18 6.219 (96/226) Installing libxext-dev (1.3.6-r2)
#18 6.229 (97/226) Installing libxrender (0.9.12-r0)
#18 6.235 (98/226) Installing libxrender-dev (0.9.12-r0)
#18 6.242 (99/226) Installing pixman (0.46.4-r0)
#18 6.256 (100/226) Installing pixman-dev (0.46.4-r0)
#18 6.264 (101/226) Installing util-macros (1.20.1-r0)
#18 6.272 (102/226) Installing xcb-util (0.4.1-r3)
#18 6.279 (103/226) Installing xcb-util-dev (0.4.1-r3)
#18 6.288 (104/226) Installing cairo (1.18.4-r0)
#18 6.313 (105/226) Installing libintl (0.24.1-r0)
#18 6.323 (106/226) Installing libeconf (0.6.3-r0)
#18 6.332 (107/226) Installing libblkid (2.41-r9)
#18 6.341 (108/226) Installing libmount (2.41-r9)
#18 6.354 (109/226) Installing glib (2.84.4-r0)
#18 6.440 (110/226) Installing cairo-gobject (1.18.4-r0)
#18 6.447 (111/226) Installing libxml2 (2.13.8-r0)
#18 6.468 (112/226) Installing libxml2-utils (2.13.8-r0)
#18 6.475 (113/226) Installing docbook-xml (4.5-r10)
#18 6.510 Executing docbook-xml-4.5-r10.post-install
#18 6.519 (114/226) Installing libxslt (1.1.43-r3)
#18 6.531 (115/226) Installing docbook-xsl-ns (1.79.2-r11)
#18 6.774 Executing docbook-xsl-ns-1.79.2-r11.post-install
#18 6.917 (116/226) Installing docbook-xsl-nons (1.79.2-r11)
#18 7.089 Executing docbook-xsl-nons-1.79.2-r11.post-install
#18 7.113 (117/226) Installing docbook-xsl (1.79.2-r11)
#18 7.120 (118/226) Installing xz (5.8.1-r0)
#18 7.134 (119/226) Installing gettext-asprintf (0.24.1-r0)
#18 7.141 (120/226) Installing gettext-libs (0.24.1-r0)
#18 7.158 (121/226) Installing gettext-envsubst (0.24.1-r0)
#18 7.166 (122/226) Installing gettext (0.24.1-r0)
#18 7.192 (123/226) Installing gettext-dev (0.24.1-r0)
#18 7.211 (124/226) Installing py3-parsing (3.2.3-r0)
#18 7.223 (125/226) Installing py3-parsing-pyc (3.2.3-r0)
#18 7.236 (126/226) Installing py3-packaging (25.0-r0)
#18 7.246 (127/226) Installing py3-packaging-pyc (25.0-r0)
#18 7.256 (128/226) Installing linux-headers (6.14.2-r0)
#18 7.373 (129/226) Installing libffi-dev (3.4.8-r0)
#18 7.382 (130/226) Installing bsd-compat-headers (0.7.2-r6)
#18 7.389 (131/226) Installing libformw (6.5_p20250503-r0)
#18 7.396 (132/226) Installing libmenuw (6.5_p20250503-r0)
#18 7.404 (133/226) Installing libncurses++ (6.5_p20250503-r0)
#18 7.411 (134/226) Installing ncurses-dev (6.5_p20250503-r0)
#18 7.423 (135/226) Installing libedit (20250104.3.1-r1)
#18 7.432 (136/226) Installing libedit-dev (20250104.3.1-r1)
#18 7.440 (137/226) Installing libpcre2-16 (10.43-r1)
#18 7.453 (138/226) Installing libpcre2-32 (10.43-r1)
#18 7.469 (139/226) Installing pcre2-dev (10.43-r1)
#18 7.477 (140/226) Installing libuuid (2.41-r9)
#18 7.483 (141/226) Installing libfdisk (2.41-r9)
#18 7.493 (142/226) Installing liblastlog2 (2.41-r9)
#18 7.500 (143/226) Installing libsmartcols (2.41-r9)
#18 7.508 (144/226) Installing sqlite (3.49.2-r1)
#18 7.550 (145/226) Installing sqlite-dev (3.49.2-r1)
#18 7.562 (146/226) Installing util-linux-dev (2.41-r9)
#18 7.573 (147/226) Installing glib-dev (2.84.4-r0)
#18 7.675 (148/226) Installing cairo-dev (1.18.4-r0)
#18 7.685 (149/226) Installing cfitsio (4.5.0-r0)
#18 7.706 (150/226) Installing cfitsio-dev (4.5.0-r0)
#18 7.715 (151/226) Installing cgif (0.5.0-r1)
#18 7.723 (152/226) Installing cgif-dev (0.5.0-r1)
#18 7.729 (153/226) Installing fftw-double-libs (3.3.10-r6)
#18 7.755 (154/226) Installing fftw-long-double-libs (3.3.10-r6)
#18 7.771 (155/226) Installing fftw-single-libs (3.3.10-r6)
#18 7.799 (156/226) Installing fftw-dev (3.3.10-r6)
#18 7.867 (157/226) Installing libimagequant (4.2.2-r0)
#18 7.881 (158/226) Installing libimagequant-dev (4.2.2-r0)
#18 7.888 (159/226) Installing lcms2 (2.16-r0)
#18 7.900 (160/226) Installing lcms2-plugins (2.16-r0)
#18 7.908 (161/226) Installing libjpeg-turbo (3.1.0-r0)
#18 7.920 (162/226) Installing libturbojpeg (3.1.0-r0)
#18 7.935 (163/226) Installing libjpeg-turbo-dev (3.1.0-r0)
#18 7.947 (164/226) Installing libsharpyuv (1.5.0-r0)
#18 7.955 (165/226) Installing libwebp (1.5.0-r0)
#18 7.971 (166/226) Installing tiff (4.7.1-r0)
#18 7.981 (167/226) Installing libtiffxx (4.7.1-r0)
#18 7.988 (168/226) Installing libwebpdecoder (1.5.0-r0)
#18 8.000 (169/226) Installing libwebpdemux (1.5.0-r0)
#18 8.008 (170/226) Installing libwebpmux (1.5.0-r0)
#18 8.015 (171/226) Installing libwebp-dev (1.5.0-r0)
#18 8.025 (172/226) Installing zstd (1.5.7-r0)
#18 8.037 (173/226) Installing zstd-dev (1.5.7-r0)
#18 8.046 (174/226) Installing tiff-dev (4.7.1-r0)
#18 8.055 (175/226) Installing lcms2-dev (2.16-r0)
#18 8.062 (176/226) Installing acl-libs (2.3.2-r1)
#18 8.069 (177/226) Installing lz4-libs (1.10.0-r0)
#18 8.078 (178/226) Installing libarchive (3.8.1-r0)
#18 8.092 (179/226) Installing openssl-dev (3.5.4-r0)
#18 8.123 (180/226) Installing libarchive-dev (3.8.1-r0)
#18 8.132 (181/226) Installing libexif (0.6.25-r0)
#18 8.140 (182/226) Installing libexif-dev (0.6.25-r0)
#18 8.149 (183/226) Installing libhwy (1.0.7-r1)
#18 8.157 (184/226) Installing libhwy_contrib (1.0.7-r1)
#18 8.189 (185/226) Installing libhwy_test (1.0.7-r1)
#18 8.196 (186/226) Installing gtest (1.16.0-r0)
#18 8.207 (187/226) Installing gmock (1.16.0-r0)
#18 8.215 (188/226) Installing gtest-dev (1.16.0-r0)
#18 8.232 (189/226) Installing highway-dev (1.0.7-r1)
#18 8.259 (190/226) Installing openjpeg (2.5.3-r0)
#18 8.271 (191/226) Installing openjpeg-tools (2.5.3-r0)
#18 8.281 (192/226) Installing openjpeg-dev (2.5.3-r0)
#18 8.295 (193/226) Installing libdav1d (1.5.1-r0)
#18 8.320 (194/226) Installing libxft (2.3.8-r3)
#18 8.327 (195/226) Installing fribidi (1.0.16-r1)
#18 8.336 (196/226) Installing graphite2 (1.3.14-r6)
#18 8.346 (197/226) Installing harfbuzz (11.2.1-r0)
#18 8.364 (198/226) Installing pango (1.56.3-r0)
#18 8.379 (199/226) Installing rsvg-convert (2.60.0-r0)
#18 8.425 (200/226) Installing shared-mime-info (2.4-r6)
#18 8.445 (201/226) Installing gdk-pixbuf (2.42.12-r1)
#18 8.458 (202/226) Installing librsvg (2.60.0-r0)
#18 8.499 (203/226) Installing dav1d-dev (1.5.1-r0)
#18 8.507 (204/226) Installing gdk-pixbuf-dev (2.42.12-r1)
#18 8.518 (205/226) Installing harfbuzz-cairo (11.2.1-r0)
#18 8.526 (206/226) Installing harfbuzz-gobject (11.2.1-r0)
#18 8.534 (207/226) Installing icu-data-en (76.1-r1)
#18 8.563 Executing icu-data-en-76.1-r1.post-install
#18 8.565 *
#18 8.565 * If you need ICU with non-English locales and legacy charset support, install
#18 8.565 * package icu-data-full.
#18 8.565 *
#18 8.565 (208/226) Installing icu-libs (76.1-r1)
#18 8.611 (209/226) Installing harfbuzz-icu (11.2.1-r0)
#18 8.618 (210/226) Installing harfbuzz-subset (11.2.1-r0)
#18 8.640 (211/226) Installing graphite2-dev (1.3.14-r6)
#18 8.648 (212/226) Installing icu (76.1-r1)
#18 8.663 (213/226) Installing icu-dev (76.1-r1)
#18 8.716 (214/226) Installing harfbuzz-dev (11.2.1-r0)
#18 8.737 (215/226) Installing xz-dev (5.8.1-r0)
#18 8.747 (216/226) Installing libxml2-dev (2.13.8-r0)
#18 8.762 (217/226) Installing pango-tools (1.56.3-r0)
#18 8.771 (218/226) Installing fribidi-dev (1.0.16-r1)
#18 8.780 (219/226) Installing libxft-dev (2.3.8-r3)
#18 8.792 (220/226) Installing pango-dev (1.56.3-r0)
#18 8.812 (221/226) Installing librsvg-dev (2.60.0-r0)
#18 8.822 (222/226) Installing libspng (0.7.4-r1)
#18 8.830 (223/226) Installing libspng-dev (0.7.4-r1)
#18 8.837 (224/226) Installing vips (8.16.1-r0)
#18 8.871 (225/226) Installing vips-cpp (8.16.1-r0)
#18 8.882 (226/226) Installing vips-dev (8.16.1-r0)
#18 8.909 Executing busybox-1.37.0-r18.trigger
#18 8.919 Executing glib-2.84.4-r0.trigger
#18 8.924 No schema files found: doing nothing.
#18 8.926 Executing shared-mime-info-2.4-r6.trigger
#18 9.416 Executing gdk-pixbuf-2.42.12-r1.trigger
#18 9.431 OK: 514 MiB in 242 packages
#18 DONE 9.9s

#19 [web build 5/8] RUN pnpm install --frozen-lockfile
#19 0.764 ! Corepack is about to download https://registry.npmjs.org/pnpm/-/pnpm-10.17.1.tgz
#19 1.950 Lockfile is up to date, resolution step is skipped
#19 2.013 Progress: resolved 1, reused 0, downloaded 0, added 0
#19 2.163 Packages: +400
#19 2.163 ++++++++++++++++++++++++++++++++++++++++++++++++++++++++++++++++++++++++++++++++
#19 3.014 Progress: resolved 400, reused 0, downloaded 61, added 61
#19 4.013 Progress: resolved 400, reused 0, downloaded 129, added 129
#19 5.021 Progress: resolved 400, reused 0, downloaded 187, added 185
#19 6.020 Progress: resolved 400, reused 0, downloaded 320, added 319
#19 7.021 Progress: resolved 400, reused 0, downloaded 398, added 398
#19 8.877 Progress: resolved 400, reused 0, downloaded 399, added 398
#19 ...

#20 [cms build 3/8] WORKDIR /opt/app
#20 DONE 0.0s

#21 [cms build 4/8] COPY package*.json ./
#21 DONE 0.0s

#22 [cms build 5/8] RUN npm install -g node-gyp  && npm config set fetch-retry-maxtimeout 600000 -g  && npm install
#22 ...

#19 [web build 5/8] RUN pnpm install --frozen-lockfile
#19 9.876 Progress: resolved 400, reused 0, downloaded 400, added 399
#19 10.01 Progress: resolved 400, reused 0, downloaded 400, added 400, done
#19 10.31 
#19 10.31 dependencies:
#19 10.31 + @hookform/resolvers 5.2.2
#19 10.31 + @prisma/client 6.16.3
#19 10.31 + @radix-ui/react-avatar 1.1.10
#19 10.31 + @radix-ui/react-collapsible 1.1.12
#19 10.31 + @radix-ui/react-dialog 1.1.15
#19 10.31 + @radix-ui/react-dropdown-menu 2.1.16
#19 10.31 + @radix-ui/react-label 2.1.7
#19 10.31 + @radix-ui/react-navigation-menu 1.2.14
#19 10.31 + @radix-ui/react-popover 1.1.15
#19 10.31 + @radix-ui/react-select 2.2.6
#19 10.31 + @radix-ui/react-separator 1.1.7
#19 10.31 + @radix-ui/react-slot 1.2.3
#19 10.31 + @radix-ui/react-tooltip 1.2.8
#19 10.31 + @strapi/blocks-react-renderer 1.0.2
#19 10.31 + bcryptjs 3.0.2
#19 10.31 + class-variance-authority 0.7.1
#19 10.31 + clsx 2.1.1
#19 10.31 + embla-carousel-react 8.6.0
#19 10.31 + jose 6.1.0
#19 10.31 + lucide-react 0.542.0
#19 10.31 + next 15.5.2
#19 10.31 + next-themes 0.4.6
#19 10.31 + react 19.1.0
#19 10.31 + react-dom 19.1.0
#19 10.31 + react-hook-form 7.63.0
#19 10.31 + react-icons 5.5.0
#19 10.31 + tailwind-merge 3.3.1
#19 10.31 + zod 4.1.11
#19 10.31 
#19 10.31 devDependencies:
#19 10.31 + @eslint/eslintrc 3.3.1
#19 10.31 + @next/eslint-plugin-next 15.5.4
#19 10.31 + @tailwindcss/postcss 4.1.14
#19 10.31 + @types/node 20.19.19
#19 10.31 + @types/react 19.1.17
#19 10.31 + @types/react-dom 19.1.11
#19 10.31 + eslint 9.36.0
#19 10.31 + eslint-config-next 15.5.2
#19 10.31 + eslint-plugin-react 7.37.5
#19 10.31 + eslint-plugin-react-hooks 5.2.0
#19 10.31 + tailwindcss 4.1.14
#19 10.31 + tw-animate-css 1.4.0
#19 10.31 + typescript 5.9.3
#19 10.31 
#19 10.31 ╭ Warning ─────────────────────────────────────────────────────────────────────╮
#19 10.31 │                                                                              │
#19 10.31 │   Ignored build scripts: @prisma/client, @tailwindcss/oxide, sharp,          │
#19 10.31 │   unrs-resolver.                                                             │
#19 10.31 │   Run "pnpm approve-builds" to pick which dependencies should be allowed     │
#19 10.31 │   to run scripts.                                                            │
#19 10.31 │                                                                              │
#19 10.31 ╰──────────────────────────────────────────────────────────────────────────────╯
#19 10.31 
#19 10.38 Done in 8.9s using pnpm v10.17.1
#19 DONE 10.5s

#23 [web build 6/8] COPY . .
#23 DONE 0.1s

#24 [web build 7/8] RUN npx prisma generate
#24 2.788 npm warn exec The following package was not found and will be installed: prisma@6.16.3
#24 ...

#22 [cms build 5/8] RUN npm install -g node-gyp  && npm config set fetch-retry-maxtimeout 600000 -g  && npm install
#22 5.451 
#22 5.451 added 97 packages in 5s
#22 5.451 
#22 5.452 16 packages are looking for funding
#22 5.452   run `npm fund` for details
#22 5.453 npm notice
#22 5.453 npm notice New major version of npm available! 10.9.3 -> 11.6.1
#22 5.453 npm notice Changelog: https://github.com/npm/cli/releases/tag/v11.6.1
#22 5.453 npm notice To update run: npm install -g npm@11.6.1
#22 5.453 npm notice
#22 ...

#24 [web build 7/8] RUN npx prisma generate
#24 14.46 warn The configuration property `package.json#prisma` is deprecated and will be removed in Prisma 7. Please migrate to a Prisma config file (e.g., `prisma.config.ts`).
#24 14.46 For more information, see: https://pris.ly/prisma-config
#24 14.46 
#24 14.81 Environment variables loaded from .env
#24 14.81 Prisma schema loaded from prisma/schema.prisma
#24 15.25 
#24 15.25 ✔ Generated Prisma Client (v6.16.3) to ./node_modules/.pnpm/@prisma+client@6.16.3_typescript@5.9.3/node_modules/@prisma/client in 185ms
#24 15.25 
#24 15.25 Start by importing your Prisma Client (See: https://pris.ly/d/importing-client)
#24 15.25 
#24 15.25 Tip: Need your database queries to be 1000x faster? Accelerate offers you that and more: https://pris.ly/tip-2-accelerate
#24 15.25 
#24 15.27 npm notice
#24 15.27 npm notice New major version of npm available! 10.8.2 -> 11.6.1
#24 15.27 npm notice Changelog: https://github.com/npm/cli/releases/tag/v11.6.1
#24 15.27 npm notice To update run: npm install -g npm@11.6.1
#24 15.27 npm notice
#24 DONE 15.7s

#22 [cms build 5/8] RUN npm install -g node-gyp  && npm config set fetch-retry-maxtimeout 600000 -g  && npm install
#22 ...

#25 [web build 8/8] RUN pnpm build
#25 0.608 
#25 0.608 > @pasteleria/web@0.1.0 build /app
#25 0.608 > next build --turbopack
#25 0.608 
#25 1.694 Attention: Next.js now collects completely anonymous telemetry regarding usage.
#25 1.694 This information is used to shape Next.js' roadmap and prioritize features.
#25 1.694 You can learn more, including how to opt-out if you'd not like to participate in this anonymous program, by visiting the following URL:
#25 1.694 https://nextjs.org/telemetry
#25 1.694 
#25 1.766    ▲ Next.js 15.5.2 (Turbopack)
#25 1.766    - Environments: .env.production, .env
#25 1.766 
#25 1.892    Creating an optimized production build ...
#25 21.08  ✓ Finished writing to disk in 34ms
#25 21.11  ✓ Compiled successfully in 18.3s
#25 21.12    Linting and checking validity of types ...
#25 26.42 
#25 26.42 ./src/app/api/carrito/route.ts
#25 26.42 78:27  Warning: '_req' is defined but never used.  @typescript-eslint/no-unused-vars
#25 26.42 
#25 26.42 ./src/app/site/config/page.tsx
#25 26.42 3:10  Warning: 'UsuarioDTO' is defined but never used.  @typescript-eslint/no-unused-vars
#25 26.42 4:10  Warning: 'PasswInput' is defined but never used.  @typescript-eslint/no-unused-vars
#25 26.42 5:10  Warning: 'FaTrash' is defined but never used.  @typescript-eslint/no-unused-vars
#25 26.42 
#25 26.42 ./src/app/site/config/useDirecciones.ts
#25 26.42 12:12  Warning: 'isPending' is assigned a value but never used.  @typescript-eslint/no-unused-vars
#25 26.42 
#25 26.42 ./src/components/ui/about-section.tsx
#25 26.42 3:10  Warning: 'BlocksRenderer' is defined but never used.  @typescript-eslint/no-unused-vars
#25 26.42 
#25 26.42 ./src/components/ui/navbar.tsx
#25 26.42 4:39  Warning: 'useCallback' is defined but never used.  @typescript-eslint/no-unused-vars
#25 26.42 57:28  Warning: 'searchPlaceholder' is assigned a value but never used.  @typescript-eslint/no-unused-vars
#25 26.42 
#25 26.42 ./src/components/ui/product-detail.tsx
#25 26.42 74:14  Warning: 'handleShop' is defined but never used.  @typescript-eslint/no-unused-vars
#25 26.42 
#25 26.42 ./src/lib/fetching.ts
#25 26.42 93:10  Warning: 'encodeOne' is defined but never used.  @typescript-eslint/no-unused-vars
#25 26.42 
#25 26.42 info  - Need to disable some ESLint rules? Learn more here: https://nextjs.org/docs/app/api-reference/config/eslint#disabling-rules
#25 29.70    Collecting page data ...
#25 31.52    Generating static pages (0/16) ...
#25 32.52 Error fetching brand: Error: Dynamic server usage: Route /site/policies couldn't be rendered statically because it used no-store fetch http://cms:1337/api/brand?populate=* /site/policies. See more info here: https://nextjs.org/docs/messages/dynamic-server-error
#25 32.52     at A (.next/server/chunks/ssr/b8cd5_next_dist_c85d48a3._.js:1:11597)
#25 32.52     at <unknown> (.next/server/chunks/ssr/b8cd5_next_dist_c85d48a3._.js:1:24373)
#25 32.52     at <unknown> (.next/server/chunks/ssr/b8cd5_next_dist_8256881a._.js:1:33558)
#25 32.52     at <unknown> (.next/server/chunks/ssr/b8cd5_next_dist_8256881a._.js:1:33083) {
#25 32.52   description: "Route /site/policies couldn't be rendered statically because it used no-store fetch http://cms:1337/api/brand?populate=* /site/policies. See more info here: https://nextjs.org/docs/messages/dynamic-server-error",
#25 32.52   digest: 'DYNAMIC_SERVER_USAGE'
#25 32.52 }
#25 32.52 error fetching footer: Error: Dynamic server usage: Route /site/policies couldn't be rendered statically because it used no-store fetch http://cms:1337/api/footer?fields[0]=id&fields[1]=documentId&populate[socials][fields][0]=kind&populate[socials][fields][1]=link&populate[footer_sections][fields][0]=title&populate[footer_sections][populate][links][fields][0]=label&populate[footer_sections][populate][links][fields][1]=link&populate[footer_sections][populate][links][fields][2]=external /site/policies. See more info here: https://nextjs.org/docs/messages/dynamic-server-error
#25 32.52     at A (.next/server/chunks/ssr/b8cd5_next_dist_c85d48a3._.js:1:11597)
#25 32.52     at <unknown> (.next/server/chunks/ssr/b8cd5_next_dist_c85d48a3._.js:1:24373)
#25 32.52     at <unknown> (.next/server/chunks/ssr/b8cd5_next_dist_8256881a._.js:1:33558)
#25 32.52     at <unknown> (.next/server/chunks/ssr/b8cd5_next_dist_8256881a._.js:1:33083) {
#25 32.52   description: "Route /site/policies couldn't be rendered statically because it used no-store fetch http://cms:1337/api/footer?fields[0]=id&fields[1]=documentId&populate[socials][fields][0]=kind&populate[socials][fields][1]=link&populate[footer_sections][fields][0]=title&populate[footer_sections][populate][links][fields][0]=label&populate[footer_sections][populate][links][fields][1]=link&populate[footer_sections][populate][links][fields][2]=external /site/policies. See more info here: https://nextjs.org/docs/messages/dynamic-server-error",
#25 32.52   digest: 'DYNAMIC_SERVER_USAGE'
#25 32.52 }
#25 32.53 empresa (brand):  null
#25 32.55 Error fetching brand: Error: Dynamic server usage: Route /site/about couldn't be rendered statically because it used no-store fetch http://cms:1337/api/brand?populate=* /site/about. See more info here: https://nextjs.org/docs/messages/dynamic-server-error
#25 32.55     at A (.next/server/chunks/ssr/b8cd5_next_dist_c85d48a3._.js:1:11597)
#25 32.55     at <unknown> (.next/server/chunks/ssr/b8cd5_next_dist_c85d48a3._.js:1:24373)
#25 32.55     at <unknown> (.next/server/chunks/ssr/b8cd5_next_dist_8256881a._.js:1:33558)
#25 32.55     at <unknown> (.next/server/chunks/ssr/b8cd5_next_dist_8256881a._.js:1:33083) {
#25 32.55   description: "Route /site/about couldn't be rendered statically because it used no-store fetch http://cms:1337/api/brand?populate=* /site/about. See more info here: https://nextjs.org/docs/messages/dynamic-server-error",
#25 32.55   digest: 'DYNAMIC_SERVER_USAGE'
#25 32.55 }
#25 32.55 error fetching footer: Error: Dynamic server usage: Route /site/about couldn't be rendered statically because it used no-store fetch http://cms:1337/api/footer?fields[0]=id&fields[1]=documentId&populate[socials][fields][0]=kind&populate[socials][fields][1]=link&populate[footer_sections][fields][0]=title&populate[footer_sections][populate][links][fields][0]=label&populate[footer_sections][populate][links][fields][1]=link&populate[footer_sections][populate][links][fields][2]=external /site/about. See more info here: https://nextjs.org/docs/messages/dynamic-server-error
#25 32.55     at A (.next/server/chunks/ssr/b8cd5_next_dist_c85d48a3._.js:1:11597)
#25 32.55     at <unknown> (.next/server/chunks/ssr/b8cd5_next_dist_c85d48a3._.js:1:24373)
#25 32.55     at <unknown> (.next/server/chunks/ssr/b8cd5_next_dist_8256881a._.js:1:33558)
#25 32.55     at <unknown> (.next/server/chunks/ssr/b8cd5_next_dist_8256881a._.js:1:33083) {
#25 32.55   description: "Route /site/about couldn't be rendered statically because it used no-store fetch http://cms:1337/api/footer?fields[0]=id&fields[1]=documentId&populate[socials][fields][0]=kind&populate[socials][fields][1]=link&populate[footer_sections][fields][0]=title&populate[footer_sections][populate][links][fields][0]=label&populate[footer_sections][populate][links][fields][1]=link&populate[footer_sections][populate][links][fields][2]=external /site/about. See more info here: https://nextjs.org/docs/messages/dynamic-server-error",
#25 32.55   digest: 'DYNAMIC_SERVER_USAGE'
#25 32.55 }
#25 32.55 error fetching /api/categories: Error: Dynamic server usage: Route /site/categories couldn't be rendered statically because it used revalidate: 0 fetch http://cms:1337/api/categories?fields[0]=documentId&fields[1]=name&fields[2]=description&fields[3]=slug&populate[image][fields][0]=url&populate[image][fields][1]=formats /site/categories. See more info here: https://nextjs.org/docs/messages/dynamic-server-error
#25 32.55     at A (.next/server/chunks/ssr/b8cd5_next_dist_c85d48a3._.js:1:11597)
#25 32.55     at <unknown> (.next/server/chunks/ssr/b8cd5_next_dist_c85d48a3._.js:1:21532)
#25 32.55     at <unknown> (.next/server/chunks/ssr/b8cd5_next_dist_8256881a._.js:1:33558)
#25 32.55     at <unknown> (.next/server/chunks/ssr/b8cd5_next_dist_8256881a._.js:1:33083) {
#25 32.55   description: "Route /site/categories couldn't be rendered statically because it used revalidate: 0 fetch http://cms:1337/api/categories?fields[0]=documentId&fields[1]=name&fields[2]=description&fields[3]=slug&populate[image][fields][0]=url&populate[image][fields][1]=formats /site/categories. See more info here: https://nextjs.org/docs/messages/dynamic-server-error",
#25 32.55   digest: 'DYNAMIC_SERVER_USAGE'
#25 32.55 }
#25 32.55 Error fetching brand: Error: Dynamic server usage: Route /site/categories couldn't be rendered statically because it used no-store fetch http://cms:1337/api/brand?populate=* /site/categories. See more info here: https://nextjs.org/docs/messages/dynamic-server-error
#25 32.55     at A (.next/server/chunks/ssr/b8cd5_next_dist_c85d48a3._.js:1:11597)
#25 32.55     at <unknown> (.next/server/chunks/ssr/b8cd5_next_dist_c85d48a3._.js:1:24373)
#25 32.55     at <unknown> (.next/server/chunks/ssr/b8cd5_next_dist_8256881a._.js:1:33558)
#25 32.55     at <unknown> (.next/server/chunks/ssr/b8cd5_next_dist_8256881a._.js:1:33083) {
#25 32.55   description: "Route /site/categories couldn't be rendered statically because it used no-store fetch http://cms:1337/api/brand?populate=* /site/categories. See more info here: https://nextjs.org/docs/messages/dynamic-server-error",
#25 32.55   digest: 'DYNAMIC_SERVER_USAGE'
#25 32.55 }
#25 32.55 empresa (brand):  null
#25 32.55 empresa (brand):  null
#25 32.59 error fetching footer: Error: Dynamic server usage: Route /site/categories couldn't be rendered statically because it used no-store fetch http://cms:1337/api/footer?fields[0]=id&fields[1]=documentId&populate[socials][fields][0]=kind&populate[socials][fields][1]=link&populate[footer_sections][fields][0]=title&populate[footer_sections][populate][links][fields][0]=label&populate[footer_sections][populate][links][fields][1]=link&populate[footer_sections][populate][links][fields][2]=external /site/categories. See more info here: https://nextjs.org/docs/messages/dynamic-server-error
#25 32.59     at A (.next/server/chunks/ssr/b8cd5_next_dist_c85d48a3._.js:1:11597)
#25 32.59     at <unknown> (.next/server/chunks/ssr/b8cd5_next_dist_c85d48a3._.js:1:24373)
#25 32.59     at <unknown> (.next/server/chunks/ssr/b8cd5_next_dist_8256881a._.js:1:33558)
#25 32.59     at <unknown> (.next/server/chunks/ssr/b8cd5_next_dist_8256881a._.js:1:33083) {
#25 32.59   description: "Route /site/categories couldn't be rendered statically because it used no-store fetch http://cms:1337/api/footer?fields[0]=id&fields[1]=documentId&populate[socials][fields][0]=kind&populate[socials][fields][1]=link&populate[footer_sections][fields][0]=title&populate[footer_sections][populate][links][fields][0]=label&populate[footer_sections][populate][links][fields][1]=link&populate[footer_sections][populate][links][fields][2]=external /site/categories. See more info here: https://nextjs.org/docs/messages/dynamic-server-error",
#25 32.59   digest: 'DYNAMIC_SERVER_USAGE'
#25 32.59 }
#25 32.59    Generating static pages (4/16) 
#25 32.62    Generating static pages (8/16) 
#25 32.77 error fetching /api/products: Error: Dynamic server usage: Route /site couldn't be rendered statically because it used revalidate: 0 fetch http://cms:1337/api/products?fields[0]=code&fields[1]=name&fields[2]=price&fields[3]=description&fields[4]=documentId&populate[category][fields][0]=name&populate[keyImage][populate]=*&pagination[pageSize]=100&publicationState=live /site. See more info here: https://nextjs.org/docs/messages/dynamic-server-error
#25 32.77     at A (.next/server/chunks/ssr/b8cd5_next_dist_c85d48a3._.js:1:11597)
#25 32.77     at <unknown> (.next/server/chunks/ssr/b8cd5_next_dist_c85d48a3._.js:1:21532)
#25 32.77     at <unknown> (.next/server/chunks/ssr/b8cd5_next_dist_8256881a._.js:1:33558)
#25 32.77     at <unknown> (.next/server/chunks/ssr/b8cd5_next_dist_8256881a._.js:1:33083) {
#25 32.77   description: "Route /site couldn't be rendered statically because it used revalidate: 0 fetch http://cms:1337/api/products?fields[0]=code&fields[1]=name&fields[2]=price&fields[3]=description&fields[4]=documentId&populate[category][fields][0]=name&populate[keyImage][populate]=*&pagination[pageSize]=100&publicationState=live /site. See more info here: https://nextjs.org/docs/messages/dynamic-server-error",
#25 32.77   digest: 'DYNAMIC_SERVER_USAGE'
#25 32.77 }
#25 32.77 Error fetching brand: Error: Dynamic server usage: Route /site couldn't be rendered statically because it used no-store fetch http://cms:1337/api/brand?populate=* /site. See more info here: https://nextjs.org/docs/messages/dynamic-server-error
#25 32.77     at A (.next/server/chunks/ssr/b8cd5_next_dist_c85d48a3._.js:1:11597)
#25 32.77     at <unknown> (.next/server/chunks/ssr/b8cd5_next_dist_c85d48a3._.js:1:24373)
#25 32.77     at <unknown> (.next/server/chunks/ssr/b8cd5_next_dist_8256881a._.js:1:33558)
#25 32.77     at <unknown> (.next/server/chunks/ssr/b8cd5_next_dist_8256881a._.js:1:33083) {
#25 32.77   description: "Route /site couldn't be rendered statically because it used no-store fetch http://cms:1337/api/brand?populate=* /site. See more info here: https://nextjs.org/docs/messages/dynamic-server-error",
#25 32.77   digest: 'DYNAMIC_SERVER_USAGE'
#25 32.77 }
#25 32.77 error fetching footer: Error: Dynamic server usage: Route /site couldn't be rendered statically because it used no-store fetch http://cms:1337/api/footer?fields[0]=id&fields[1]=documentId&populate[socials][fields][0]=kind&populate[socials][fields][1]=link&populate[footer_sections][fields][0]=title&populate[footer_sections][populate][links][fields][0]=label&populate[footer_sections][populate][links][fields][1]=link&populate[footer_sections][populate][links][fields][2]=external /site. See more info here: https://nextjs.org/docs/messages/dynamic-server-error
#25 32.77     at A (.next/server/chunks/ssr/b8cd5_next_dist_c85d48a3._.js:1:11597)
#25 32.77     at <unknown> (.next/server/chunks/ssr/b8cd5_next_dist_c85d48a3._.js:1:24373)
#25 32.77     at <unknown> (.next/server/chunks/ssr/b8cd5_next_dist_8256881a._.js:1:33558)
#25 32.77     at <unknown> (.next/server/chunks/ssr/b8cd5_next_dist_8256881a._.js:1:33083) {
#25 32.77   description: "Route /site couldn't be rendered statically because it used no-store fetch http://cms:1337/api/footer?fields[0]=id&fields[1]=documentId&populate[socials][fields][0]=kind&populate[socials][fields][1]=link&populate[footer_sections][fields][0]=title&populate[footer_sections][populate][links][fields][0]=label&populate[footer_sections][populate][links][fields][1]=link&populate[footer_sections][populate][links][fields][2]=external /site. See more info here: https://nextjs.org/docs/messages/dynamic-server-error",
#25 32.77   digest: 'DYNAMIC_SERVER_USAGE'
#25 32.77 }
#25 32.78 empresa (brand):  null
#25 32.79 Error fetching brand: Error: Dynamic server usage: Route /site/terms couldn't be rendered statically because it used no-store fetch http://cms:1337/api/brand?populate=* /site/terms. See more info here: https://nextjs.org/docs/messages/dynamic-server-error
#25 32.79     at A (.next/server/chunks/ssr/b8cd5_next_dist_c85d48a3._.js:1:11597)
#25 32.79     at <unknown> (.next/server/chunks/ssr/b8cd5_next_dist_c85d48a3._.js:1:24373)
#25 32.79     at <unknown> (.next/server/chunks/ssr/b8cd5_next_dist_8256881a._.js:1:33558)
#25 32.79     at <unknown> (.next/server/chunks/ssr/b8cd5_next_dist_8256881a._.js:1:33083) {
#25 32.79   description: "Route /site/terms couldn't be rendered statically because it used no-store fetch http://cms:1337/api/brand?populate=* /site/terms. See more info here: https://nextjs.org/docs/messages/dynamic-server-error",
#25 32.79   digest: 'DYNAMIC_SERVER_USAGE'
#25 32.79 }
#25 32.79 error fetching footer: Error: Dynamic server usage: Route /site/terms couldn't be rendered statically because it used no-store fetch http://cms:1337/api/footer?fields[0]=id&fields[1]=documentId&populate[socials][fields][0]=kind&populate[socials][fields][1]=link&populate[footer_sections][fields][0]=title&populate[footer_sections][populate][links][fields][0]=label&populate[footer_sections][populate][links][fields][1]=link&populate[footer_sections][populate][links][fields][2]=external /site/terms. See more info here: https://nextjs.org/docs/messages/dynamic-server-error
#25 32.79     at A (.next/server/chunks/ssr/b8cd5_next_dist_c85d48a3._.js:1:11597)
#25 32.79     at <unknown> (.next/server/chunks/ssr/b8cd5_next_dist_c85d48a3._.js:1:24373)
#25 32.79     at <unknown> (.next/server/chunks/ssr/b8cd5_next_dist_8256881a._.js:1:33558)
#25 32.79     at <unknown> (.next/server/chunks/ssr/b8cd5_next_dist_8256881a._.js:1:33083) {
#25 32.79   description: "Route /site/terms couldn't be rendered statically because it used no-store fetch http://cms:1337/api/footer?fields[0]=id&fields[1]=documentId&populate[socials][fields][0]=kind&populate[socials][fields][1]=link&populate[footer_sections][fields][0]=title&populate[footer_sections][populate][links][fields][0]=label&populate[footer_sections][populate][links][fields][1]=link&populate[footer_sections][populate][links][fields][2]=external /site/terms. See more info here: https://nextjs.org/docs/messages/dynamic-server-error",
#25 32.79   digest: 'DYNAMIC_SERVER_USAGE'
#25 32.79 }
#25 32.79 Error fetching brand: Error: Dynamic server usage: Route /site/product couldn't be rendered statically because it used no-store fetch http://cms:1337/api/brand?populate=* /site/product. See more info here: https://nextjs.org/docs/messages/dynamic-server-error
#25 32.79     at A (.next/server/chunks/ssr/b8cd5_next_dist_c85d48a3._.js:1:11597)
#25 32.79     at <unknown> (.next/server/chunks/ssr/b8cd5_next_dist_c85d48a3._.js:1:24373)
#25 32.79     at <unknown> (.next/server/chunks/ssr/b8cd5_next_dist_8256881a._.js:1:33558)
#25 32.79     at <unknown> (.next/server/chunks/ssr/b8cd5_next_dist_8256881a._.js:1:33083) {
#25 32.79   description: "Route /site/product couldn't be rendered statically because it used no-store fetch http://cms:1337/api/brand?populate=* /site/product. See more info here: https://nextjs.org/docs/messages/dynamic-server-error",
#25 32.79   digest: 'DYNAMIC_SERVER_USAGE'
#25 32.79 }
#25 32.79 error fetching footer: Error: Dynamic server usage: Route /site/product couldn't be rendered statically because it used no-store fetch http://cms:1337/api/footer?fields[0]=id&fields[1]=documentId&populate[socials][fields][0]=kind&populate[socials][fields][1]=link&populate[footer_sections][fields][0]=title&populate[footer_sections][populate][links][fields][0]=label&populate[footer_sections][populate][links][fields][1]=link&populate[footer_sections][populate][links][fields][2]=external /site/product. See more info here: https://nextjs.org/docs/messages/dynamic-server-error
#25 32.79     at A (.next/server/chunks/ssr/b8cd5_next_dist_c85d48a3._.js:1:11597)
#25 32.79     at <unknown> (.next/server/chunks/ssr/b8cd5_next_dist_c85d48a3._.js:1:24373)
#25 32.79     at <unknown> (.next/server/chunks/ssr/b8cd5_next_dist_8256881a._.js:1:33558)
#25 32.79     at <unknown> (.next/server/chunks/ssr/b8cd5_next_dist_8256881a._.js:1:33083) {
#25 32.79   description: "Route /site/product couldn't be rendered statically because it used no-store fetch http://cms:1337/api/footer?fields[0]=id&fields[1]=documentId&populate[socials][fields][0]=kind&populate[socials][fields][1]=link&populate[footer_sections][fields][0]=title&populate[footer_sections][populate][links][fields][0]=label&populate[footer_sections][populate][links][fields][1]=link&populate[footer_sections][populate][links][fields][2]=external /site/product. See more info here: https://nextjs.org/docs/messages/dynamic-server-error",
#25 32.79   digest: 'DYNAMIC_SERVER_USAGE'
#25 32.79 }
#25 32.79 empresa (brand):  null
#25 32.79 empresa (brand):  null
#25 32.89    Generating static pages (12/16) 
#25 32.89 Error fetching brand: Error: Dynamic server usage: Route /site/config couldn't be rendered statically because it used revalidate: 0 fetch http://cms:1337/api/brand?populate=* /site/config. See more info here: https://nextjs.org/docs/messages/dynamic-server-error
#25 32.89     at A (.next/server/chunks/ssr/b8cd5_next_dist_c85d48a3._.js:1:11597)
#25 32.89     at <unknown> (.next/server/chunks/ssr/b8cd5_next_dist_c85d48a3._.js:1:21532)
#25 32.89     at <unknown> (.next/server/chunks/ssr/b8cd5_next_dist_8256881a._.js:1:33558)
#25 32.89     at <unknown> (.next/server/chunks/ssr/b8cd5_next_dist_8256881a._.js:1:33083) {
#25 32.89   description: "Route /site/config couldn't be rendered statically because it used revalidate: 0 fetch http://cms:1337/api/brand?populate=* /site/config. See more info here: https://nextjs.org/docs/messages/dynamic-server-error",
#25 32.89   digest: 'DYNAMIC_SERVER_USAGE'
#25 32.89 }
#25 32.89 error fetching footer: Error: Dynamic server usage: Route /site/config couldn't be rendered statically because it used no-store fetch http://cms:1337/api/footer?fields[0]=id&fields[1]=documentId&populate[socials][fields][0]=kind&populate[socials][fields][1]=link&populate[footer_sections][fields][0]=title&populate[footer_sections][populate][links][fields][0]=label&populate[footer_sections][populate][links][fields][1]=link&populate[footer_sections][populate][links][fields][2]=external /site/config. See more info here: https://nextjs.org/docs/messages/dynamic-server-error
#25 32.89     at A (.next/server/chunks/ssr/b8cd5_next_dist_c85d48a3._.js:1:11597)
#25 32.89     at <unknown> (.next/server/chunks/ssr/b8cd5_next_dist_c85d48a3._.js:1:24373)
#25 32.89     at <unknown> (.next/server/chunks/ssr/b8cd5_next_dist_8256881a._.js:1:33558)
#25 32.89     at <unknown> (.next/server/chunks/ssr/b8cd5_next_dist_8256881a._.js:1:33083) {
#25 32.89   description: "Route /site/config couldn't be rendered statically because it used no-store fetch http://cms:1337/api/footer?fields[0]=id&fields[1]=documentId&populate[socials][fields][0]=kind&populate[socials][fields][1]=link&populate[footer_sections][fields][0]=title&populate[footer_sections][populate][links][fields][0]=label&populate[footer_sections][populate][links][fields][1]=link&populate[footer_sections][populate][links][fields][2]=external /site/config. See more info here: https://nextjs.org/docs/messages/dynamic-server-error",
#25 32.89   digest: 'DYNAMIC_SERVER_USAGE'
#25 32.89 }
#25 32.89 Error fetching brand: Error: Dynamic server usage: Route /site/carrito couldn't be rendered statically because it used revalidate: 0 fetch http://cms:1337/api/brand?populate=* /site/carrito. See more info here: https://nextjs.org/docs/messages/dynamic-server-error
#25 32.89     at A (.next/server/chunks/ssr/b8cd5_next_dist_c85d48a3._.js:1:11597)
#25 32.89     at <unknown> (.next/server/chunks/ssr/b8cd5_next_dist_c85d48a3._.js:1:21532)
#25 32.89     at <unknown> (.next/server/chunks/ssr/b8cd5_next_dist_8256881a._.js:1:33558)
#25 32.89     at <unknown> (.next/server/chunks/ssr/b8cd5_next_dist_8256881a._.js:1:33083) {
#25 32.89   description: "Route /site/carrito couldn't be rendered statically because it used revalidate: 0 fetch http://cms:1337/api/brand?populate=* /site/carrito. See more info here: https://nextjs.org/docs/messages/dynamic-server-error",
#25 32.89   digest: 'DYNAMIC_SERVER_USAGE'
#25 32.89 }
#25 32.89 Error cargando carrito: Error: Dynamic server usage: Route /site/carrito couldn't be rendered statically because it used no-store fetch http://localhost:3000/api/carrito /site/carrito. See more info here: https://nextjs.org/docs/messages/dynamic-server-error
#25 32.89     at A (.next/server/chunks/ssr/b8cd5_next_dist_c85d48a3._.js:1:11597)
#25 32.89     at <unknown> (.next/server/chunks/ssr/b8cd5_next_dist_c85d48a3._.js:1:24373)
#25 32.89     at <unknown> (.next/server/chunks/ssr/b8cd5_next_dist_8256881a._.js:1:33558)
#25 32.89     at <unknown> (.next/server/chunks/ssr/b8cd5_next_dist_8256881a._.js:1:33083) {
#25 32.89   description: "Route /site/carrito couldn't be rendered statically because it used no-store fetch http://localhost:3000/api/carrito /site/carrito. See more info here: https://nextjs.org/docs/messages/dynamic-server-error",
#25 32.89   digest: 'DYNAMIC_SERVER_USAGE'
#25 32.89 }
#25 32.89 error fetching footer: Error: Dynamic server usage: Route /site/carrito couldn't be rendered statically because it used no-store fetch http://cms:1337/api/footer?fields[0]=id&fields[1]=documentId&populate[socials][fields][0]=kind&populate[socials][fields][1]=link&populate[footer_sections][fields][0]=title&populate[footer_sections][populate][links][fields][0]=label&populate[footer_sections][populate][links][fields][1]=link&populate[footer_sections][populate][links][fields][2]=external /site/carrito. See more info here: https://nextjs.org/docs/messages/dynamic-server-error
#25 32.89     at A (.next/server/chunks/ssr/b8cd5_next_dist_c85d48a3._.js:1:11597)
#25 32.89     at <unknown> (.next/server/chunks/ssr/b8cd5_next_dist_c85d48a3._.js:1:24373)
#25 32.89     at <unknown> (.next/server/chunks/ssr/b8cd5_next_dist_8256881a._.js:1:33558)
#25 32.89     at <unknown> (.next/server/chunks/ssr/b8cd5_next_dist_8256881a._.js:1:33083) {
#25 32.89   description: "Route /site/carrito couldn't be rendered statically because it used no-store fetch http://cms:1337/api/footer?fields[0]=id&fields[1]=documentId&populate[socials][fields][0]=kind&populate[socials][fields][1]=link&populate[footer_sections][fields][0]=title&populate[footer_sections][populate][links][fields][0]=label&populate[footer_sections][populate][links][fields][1]=link&populate[footer_sections][populate][links][fields][2]=external /site/carrito. See more info here: https://nextjs.org/docs/messages/dynamic-server-error",
#25 32.89   digest: 'DYNAMIC_SERVER_USAGE'
#25 32.89 }
#25 32.89 empresa (brand):  null
#25 32.89 empresa (brand):  null
#25 32.91  ✓ Generating static pages (16/16)
#25 33.64    Finalizing page optimization ...
#25 33.64    Collecting build traces ...
#25 55.36 
#25 55.37 Route (app)                                   Size  First Load JS
#25 55.37 ┌ ○ /_not-found                                0 B         119 kB
#25 55.37 ├ ƒ /api/carrito                               0 B            0 B
#25 55.37 ├ ƒ /api/carrito/[id]/detalle/[idDetalle]      0 B            0 B
#25 55.37 ├ ƒ /api/debug                                 0 B            0 B
#25 55.37 ├ ƒ /api/product                               0 B            0 B
#25 55.37 ├ ƒ /api/product/[id]                          0 B            0 B
#25 55.37 ├ ƒ /api/session                               0 B            0 B
#25 55.37 ├ ƒ /api/user/[id]                             0 B            0 B
#25 55.37 ├ ○ /auth/login                            7.16 kB         135 kB
#25 55.37 ├ ○ /auth/logout                           2.13 kB         121 kB
#25 55.37 ├ ○ /auth/signup                           7.22 kB         135 kB
#25 55.37 ├ ƒ /site                                      0 B         184 kB
#25 55.37 ├ ƒ /site/about                                0 B         183 kB
#25 55.37 ├ ƒ /site/carrito                          2.21 kB         184 kB
#25 55.37 ├ ƒ /site/categories                           0 B         181 kB
#25 55.37 ├ ƒ /site/config                           3.13 kB         185 kB
#25 55.37 ├ ƒ /site/policies                             0 B         183 kB
#25 55.37 ├ ƒ /site/product                              0 B         184 kB
#25 55.37 ├ ƒ /site/product/[id]                     15.8 kB         197 kB
#25 55.37 └ ƒ /site/terms                                0 B         183 kB
#25 55.37 + First Load JS shared by all               134 kB
#25 55.37   ├ chunks/025a07181e3d9a1c.js             12.8 kB
#25 55.37   ├ chunks/88132d6b5cd00b9c.js               13 kB
#25 55.37   ├ chunks/8e7d861ddefca71b.js             17.1 kB
#25 55.37   ├ chunks/b6d6a3d88c9dd264.js             59.2 kB
#25 55.37   ├ chunks/8ebe2600e43d0572.css            14.3 kB
#25 55.37   └ other shared chunks (total)            17.2 kB
#25 55.37 
#25 55.37 
#25 55.37 ○  (Static)   prerendered as static content
#25 55.37 ƒ  (Dynamic)  server-rendered on demand
#25 55.37 
#25 DONE 55.5s

#22 [cms build 5/8] RUN npm install -g node-gyp  && npm config set fetch-retry-maxtimeout 600000 -g  && npm install
#22 ...

#26 [web runner 4/9] COPY --from=build /app/.next/standalone ./
#26 DONE 0.5s

#22 [cms build 5/8] RUN npm install -g node-gyp  && npm config set fetch-retry-maxtimeout 600000 -g  && npm install
#22 ...

#27 [web runner 5/9] COPY --from=build /app/.next/static ./.next/static
#27 DONE 0.0s

#28 [web runner 6/9] COPY --from=build /app/public ./public
#28 DONE 0.0s

#29 [web runner 7/9] COPY --from=build /app/node_modules/@prisma ./node_modules/@prisma
#29 DONE 0.0s

#30 [web runner 8/9] COPY --from=build /app/prisma ./prisma
#30 DONE 0.0s

#31 [web runner 9/9] COPY --from=build /app/seed ./seed
#31 DONE 0.0s

#32 [web] exporting to image
#32 exporting layers
#32 exporting layers 1.1s done
#32 writing image sha256:ef19d42cfa814cb20745b25692ffcb6ca3a1bc59ead2f8083a5f5727b025b5ba done
#32 naming to docker.io/library/tienda-pasteleria-web done
#32 DONE 1.1s

#33 [web] resolving provenance for metadata file
#33 DONE 0.0s

#22 [cms build 5/8] RUN npm install -g node-gyp  && npm config set fetch-retry-maxtimeout 600000 -g  && npm install
#22 101.7 npm warn deprecated inflight@1.0.6: This module is not supported, and leaks memory. Do not use it. Check out lru-cache if you want a good and tested way to coalesce async requests by a key value, which is much more comprehensive and powerful.
#22 102.6 npm warn deprecated buildmail@3.10.0: This project is unmaintained
#22 102.6 npm warn deprecated mailcomposer@3.12.0: This project is unmaintained
#22 106.3 npm warn deprecated boolean@3.2.0: Package no longer supported. Contact Support at https://www.npmjs.com/support for more info.
#22 113.9 npm warn deprecated glob@7.2.3: Glob versions prior to v9 are no longer supported
#22 114.2 npm warn deprecated glob@7.2.3: Glob versions prior to v9 are no longer supported
#22 114.2 npm warn deprecated rimraf@3.0.2: Rimraf versions prior to v4 are no longer supported
#22 114.7 npm warn deprecated glob@7.2.3: Glob versions prior to v9 are no longer supported
#22 114.8 npm warn deprecated glob@7.2.3: Glob versions prior to v9 are no longer supported
#22 143.8 
#22 143.8 added 1369 packages, and audited 1370 packages in 2m
#22 143.8 
#22 143.8 191 packages are looking for funding
#22 143.8   run `npm fund` for details
#22 144.1 
#22 144.1 21 vulnerabilities (19 low, 2 moderate)
#22 144.1 
#22 144.1 To address issues that do not require attention, run:
#22 144.1   npm audit fix
#22 144.1 
#22 144.1 To address all issues (including breaking changes), run:
#22 144.1   npm audit fix --force
#22 144.1 
#22 144.1 Run `npm audit` for details.
#22 DONE 145.0s

#34 [cms build 6/8] COPY . .
#34 DONE 0.1s

#35 [cms build 7/8] RUN npm run build
#35 0.277 
#35 0.277 > @pasteleria/cms@0.1.0 build
#35 0.277 > strapi build
#35 0.277 
#35 2.391 - Compiling TS
#35 5.056 ✔ Compiling TS (2669ms)
#35 5.056 - Building build context
#35 5.057 
#35 5.084 [INFO] Including the following ENV variables as part of the JS bundle:
#35 5.084     - ADMIN_PATH
#35 5.084     - STRAPI_ADMIN_BACKEND_URL
#35 5.084     - STRAPI_TELEMETRY_DISABLED
#35 5.084     - STRAPI_ANALYTICS_URL
#35 5.158 ✔ Building build context (102ms)
#35 5.158 - Building admin panel
#35 5.159 
#35 33.66 ✔ Building admin panel (28499ms)
#35 DONE 33.9s

#36 [cms build 8/8] RUN npm prune --omit=dev
#36 4.632 
#36 4.632 added 4 packages, and audited 1371 packages in 4s
#36 4.632 
#36 4.632 191 packages are looking for funding
#36 4.632   run `npm fund` for details
#36 5.034 
#36 5.034 21 vulnerabilities (19 low, 2 moderate)
#36 5.034 
#36 5.034 To address issues that do not require attention, run:
#36 5.034   npm audit fix
#36 5.034 
#36 5.034 To address all issues (including breaking changes), run:
#36 5.034   npm audit fix --force
#36 5.034 
#36 5.034 Run `npm audit` for details.
#36 DONE 5.2s

#37 [cms stage-1 4/5] COPY --from=build /opt/app ./
#37 DONE 8.5s

#38 [cms stage-1 5/5] RUN chown -R node:node /opt/app
#38 DONE 3.7s

#39 [cms] exporting to image
#39 exporting layers
#39 exporting layers 15.2s done
#39 writing image sha256:607f88527c12ada8f730712298f5cc54b1cc23e1309a38eaa1b07e051fb97a65 done
#39 naming to docker.io/library/tienda-pasteleria-cms done
#39 DONE 15.2s

#40 [cms] resolving provenance for metadata file
#40 DONE 0.0s
 tienda-pasteleria-cms  Built
 tienda-pasteleria-web  Built
